Unity Editor version:    2021.3.11f1 (0a5ca18544bf)
Branch:                  2021.3/staging
Build type:              Release
Batch mode:              YES
macOS version:           Version 12.6 (Build 21G115)
Darwin version:          21.6.0
Architecture:            arm64
Running under Rosetta:   NO
Available memory:        65536 MB
Using pre-set license
Pro License: YES

COMMAND LINE ARGUMENTS:
/Applications/Unity/Hub/Editor/2021.3.11f1/Unity.app/Contents/MacOS/Unity
-adb2
-batchMode
-noUpm
-name
AssetImportWorker1
-projectPath
/Users/jorgenthelin/Unity 3D/Alien Battlefield
-logFile
Logs/AssetImportWorker1.log
-srvPort
56007
Successfully changed project path to: /Users/jorgenthelin/Unity 3D/Alien Battlefield
/Users/jorgenthelin/Unity 3D/Alien Battlefield
[UnityMemory] Configuration Parameters - Can be set up in boot.config
    "memorysetup-bucket-allocator-granularity=16"
    "memorysetup-bucket-allocator-bucket-count=8"
    "memorysetup-bucket-allocator-block-size=33554432"
    "memorysetup-bucket-allocator-block-count=8"
    "memorysetup-main-allocator-block-size=16777216"
    "memorysetup-thread-allocator-block-size=16777216"
    "memorysetup-gfx-main-allocator-block-size=16777216"
    "memorysetup-gfx-thread-allocator-block-size=16777216"
    "memorysetup-cache-allocator-block-size=4194304"
    "memorysetup-typetree-allocator-block-size=2097152"
    "memorysetup-profiler-bucket-allocator-granularity=16"
    "memorysetup-profiler-bucket-allocator-bucket-count=8"
    "memorysetup-profiler-bucket-allocator-block-size=33554432"
    "memorysetup-profiler-bucket-allocator-block-count=8"
    "memorysetup-profiler-allocator-block-size=16777216"
    "memorysetup-profiler-editor-allocator-block-size=1048576"
    "memorysetup-temp-allocator-size-main=16777216"
    "memorysetup-job-temp-allocator-block-size=2097152"
    "memorysetup-job-temp-allocator-block-size-background=1048576"
    "memorysetup-job-temp-allocator-reduction-small-platforms=262144"
    "memorysetup-temp-allocator-size-background-worker=32768"
    "memorysetup-temp-allocator-size-job-worker=262144"
    "memorysetup-temp-allocator-size-preload-manager=33554432"
    "memorysetup-temp-allocator-size-nav-mesh-worker=65536"
    "memorysetup-temp-allocator-size-audio-worker=65536"
    "memorysetup-temp-allocator-size-cloud-worker=32768"
    "memorysetup-temp-allocator-size-gi-baking-worker=262144"
    "memorysetup-temp-allocator-size-gfx=262144"
Refreshing native plugins compatible for Editor in 73.02 ms, found 2 plugins.
Preloading 0 native plugins for Editor in 0.00 ms.
Initialize engine version: 2021.3.11f1 (0a5ca18544bf)
[Subsystems] Discovering subsystems at path /Applications/Unity/Hub/Editor/2021.3.11f1/Unity.app/Contents/Resources/UnitySubsystems
[Subsystems] Discovering subsystems at path /Users/jorgenthelin/Unity 3D/Alien Battlefield/Assets
GfxDevice: creating device client; threaded=0; jobified=0
 preferred device: Apple M1 Max (high power)
Metal devices available: 1
0: Apple M1 Max (high power)
Using device Apple M1 Max (high power)
Initializing Metal device caps: Apple M1 Max
Initialize mono
Mono path[0] = '/Applications/Unity/Hub/Editor/2021.3.11f1/Unity.app/Contents/Managed'
Mono path[1] = '/Applications/Unity/Hub/Editor/2021.3.11f1/Unity.app/Contents/MonoBleedingEdge/lib/mono/unityjit-macos'
Mono config path = '/Applications/Unity/Hub/Editor/2021.3.11f1/Unity.app/Contents/MonoBleedingEdge/etc'
Using monoOptions --debugger-agent=transport=dt_socket,embedding=1,server=y,suspend=n,address=127.0.0.1:56026
Begin MonoManager ReloadAssembly
Registering precompiled unity dll's ...
Register platform support module: /Applications/Unity/Hub/Editor/2021.3.11f1/PlaybackEngines/WebGLSupport/UnityEditor.WebGL.Extensions.dll
Register platform support module: /Applications/Unity/Hub/Editor/2021.3.11f1/Unity.app/Contents/PlaybackEngines/MacStandaloneSupport/UnityEditor.OSXStandalone.Extensions.dll
Registered in 0.000432 seconds.
Native extension for OSXStandalone target not found
Native extension for WebGL target not found
Refreshing native plugins compatible for Editor in 74.88 ms, found 2 plugins.
Preloading 0 native plugins for Editor in 0.00 ms.
Mono: successfully reloaded assembly
- Completed reload, in  0.376 seconds
Domain Reload Profiling:
	ReloadAssembly (376ms)
		BeginReloadAssembly (29ms)
			ExecutionOrderSort (0ms)
			DisableScriptedObjects (0ms)
			BackupInstance (0ms)
			ReleaseScriptingObjects (0ms)
			CreateAndSetChildDomain (0ms)
		EndReloadAssembly (288ms)
			LoadAssemblies (28ms)
			RebuildTransferFunctionScriptingTraits (0ms)
			SetupTypeCache (64ms)
			ReleaseScriptCaches (0ms)
			RebuildScriptCaches (19ms)
			SetupLoadedEditorAssemblies (179ms)
				LogAssemblyErrors (0ms)
				InitializePlatformSupportModulesInManaged (4ms)
				SetLoadedEditorAssemblies (0ms)
				RefreshPlugins (75ms)
				BeforeProcessingInitializeOnLoad (1ms)
				ProcessInitializeOnLoadAttributes (76ms)
				ProcessInitializeOnLoadMethodAttributes (23ms)
				AfterProcessingInitializeOnLoad (0ms)
				EditorAssembliesLoaded (0ms)
			ExecutionOrderSort2 (0ms)
			AwakeInstancesAfterBackupRestoration (0ms)
Platform modules already initialized, skipping
Registering precompiled user dll's ...
Registered in 0.001565 seconds.
Begin MonoManager ReloadAssembly
Symbol file LoadedFromMemory doesn't match image /Users/jorgenthelin/Unity 3D/Alien Battlefield/Library/PackageCache/com.unity.visualscripting@1.7.8/Editor/VisualScripting.Core/Dependencies/YamlDotNet/Unity.VisualScripting.YamlDotNet.dll
Symbol file LoadedFromMemory doesn't match image /Users/jorgenthelin/Unity 3D/Alien Battlefield/Library/PackageCache/com.unity.visualscripting@1.7.8/Editor/VisualScripting.Core/Dependencies/DotNetZip/Unity.VisualScripting.IonicZip.dll
Native extension for OSXStandalone target not found
Native extension for WebGL target not found
Refreshing native plugins compatible for Editor in 74.69 ms, found 2 plugins.
Preloading 0 native plugins for Editor in 0.00 ms.
Mono: successfully reloaded assembly
- Completed reload, in  0.698 seconds
Domain Reload Profiling:
	ReloadAssembly (699ms)
		BeginReloadAssembly (50ms)
			ExecutionOrderSort (0ms)
			DisableScriptedObjects (3ms)
			BackupInstance (0ms)
			ReleaseScriptingObjects (0ms)
			CreateAndSetChildDomain (11ms)
		EndReloadAssembly (583ms)
			LoadAssemblies (29ms)
			RebuildTransferFunctionScriptingTraits (0ms)
			SetupTypeCache (167ms)
			ReleaseScriptCaches (0ms)
			RebuildScriptCaches (34ms)
			SetupLoadedEditorAssemblies (322ms)
				LogAssemblyErrors (0ms)
				InitializePlatformSupportModulesInManaged (2ms)
				SetLoadedEditorAssemblies (0ms)
				RefreshPlugins (75ms)
				BeforeProcessingInitializeOnLoad (57ms)
				ProcessInitializeOnLoadAttributes (173ms)
				ProcessInitializeOnLoadMethodAttributes (13ms)
				AfterProcessingInitializeOnLoad (1ms)
				EditorAssembliesLoaded (0ms)
			ExecutionOrderSort2 (0ms)
			AwakeInstancesAfterBackupRestoration (2ms)
Platform modules already initialized, skipping
========================================================================
Worker process is ready to serve import requests
Launching external process: /Applications/Unity/Hub/Editor/2021.3.11f1/Unity.app/Contents/Tools/UnityShaderCompiler
Launched and connected shader compiler UnityShaderCompiler after 0.04 seconds
Refreshing native plugins compatible for Editor in 0.49 ms, found 2 plugins.
Preloading 0 native plugins for Editor in 0.00 ms.
Unloading 3815 Unused Serialized files (Serialized files now loaded: 0)
Unloading 32 unused Assets / (0.6 MB). Loaded Objects now: 4297.
Memory consumption went from 280.7 MB to 280.1 MB.
Total: 2.389292 ms (FindLiveObjects: 0.112458 ms CreateObjectMapping: 0.044750 ms MarkObjects: 2.017958 ms  DeleteObjects: 0.213541 ms)

AssetImportParameters requested are different than current active one (requested -> active):
  custom:video-decoder-ogg-theora: a1e56fd34408186e4bbccfd4996cb3dc -> 
  custom:container-muxer-webm: aa71ff27fc2769a1b78a27578f13a17b -> 
  custom:container-demuxer-webm: 4f35f7cbe854078d1ac9338744f61a02 -> 
  custom:video-encoder-webm-vp8: eb34c28f22e8b96e1ab97ce403110664 -> 
  custom:framework-osx-AVFoundation: e770b220cccbd017edd2c1fefb359320 -> 
  custom:audio-encoder-webm-vorbis: bf7c407c2cedff20999df2af8eb42d56 -> 
  custom:container-demuxer-ogg: 62fdf1f143b41e24485cea50d1cbac27 -> 
  custom:video-decoder-webm-vp8: 9c59270c3fd7afecdb556c50c9e8de78 -> 
  custom:audio-decoder-ogg-vorbis: bf7c407c2cedff20999df2af8eb42d56 -> 
========================================================================
Received Import Request.
  Time since last request: 770463.106719 seconds.
  path: Assets/Prefabs/Fire Team.prefab
  artifactKey: Guid(cef22bc574a074675b33f4ceb1831904) Importer(815301076,1909f56bfc062723c751e8b465ee728b)
Start importing Assets/Prefabs/Fire Team.prefab using Guid(cef22bc574a074675b33f4ceb1831904) Importer(815301076,1909f56bfc062723c751e8b465ee728b)  -> (artifact id: '00000000000000000000000000000000') in 0.087711 seconds  code(4) message(Build asset version error: assets/prefabs/fire team.prefab in SourceAssetDB has modification time of '2022-10-28T18:24:42Z' while content on disk has modification time of '2022-10-29T14:00:26Z')
  ERROR: Build asset version error: assets/prefabs/fire team.prefab in SourceAssetDB has modification time of '2022-10-28T18:24:42Z' while content on disk has modification time of '2022-10-29T14:00:26Z'
========================================================================
Received Import Request.
  Time since last request: 49.111465 seconds.
  path: 
  artifactKey: Guid(e845ed2007dab43fc946d33ff0e8eef3) Importer(815301076,1909f56bfc062723c751e8b465ee728b)
Start importing  using Guid(e845ed2007dab43fc946d33ff0e8eef3) Importer(815301076,1909f56bfc062723c751e8b465ee728b)  -> (artifact id: '00000000000000000000000000000000') in 0.000025 seconds  code(3) message(Unknown asset with GUID 'e845ed2007dab43fc946d33ff0e8eef3')
  ERROR: Unknown asset with GUID 'e845ed2007dab43fc946d33ff0e8eef3'
========================================================================
Received Import Request.
  Time since last request: 0.000052 seconds.
  path: Assets/Prefabs/Fire Team.prefab
  artifactKey: Guid(cef22bc574a074675b33f4ceb1831904) Importer(815301076,1909f56bfc062723c751e8b465ee728b)
Start importing Assets/Prefabs/Fire Team.prefab using Guid(cef22bc574a074675b33f4ceb1831904) Importer(815301076,1909f56bfc062723c751e8b465ee728b)  -> (artifact id: '00000000000000000000000000000000') in 0.007592 seconds  code(4) message(Build asset version error: assets/prefabs/fire team.prefab in SourceAssetDB has modification time of '2022-10-28T18:24:42Z' while content on disk has modification time of '2022-10-29T14:00:26Z')
  ERROR: Build asset version error: assets/prefabs/fire team.prefab in SourceAssetDB has modification time of '2022-10-28T18:24:42Z' while content on disk has modification time of '2022-10-29T14:00:26Z'
========================================================================
Received Import Request.
  Time since last request: 21.757747 seconds.
  path: 
  artifactKey: Guid(e845ed2007dab43fc946d33ff0e8eef3) Importer(815301076,1909f56bfc062723c751e8b465ee728b)
Start importing  using Guid(e845ed2007dab43fc946d33ff0e8eef3) Importer(815301076,1909f56bfc062723c751e8b465ee728b)  -> (artifact id: '00000000000000000000000000000000') in 0.000039 seconds  code(3) message(Unknown asset with GUID 'e845ed2007dab43fc946d33ff0e8eef3')
  ERROR: Unknown asset with GUID 'e845ed2007dab43fc946d33ff0e8eef3'
========================================================================
Received Import Request.
  Time since last request: 0.000050 seconds.
  path: Assets/Prefabs/Fire Team.prefab
  artifactKey: Guid(cef22bc574a074675b33f4ceb1831904) Importer(815301076,1909f56bfc062723c751e8b465ee728b)
Start importing Assets/Prefabs/Fire Team.prefab using Guid(cef22bc574a074675b33f4ceb1831904) Importer(815301076,1909f56bfc062723c751e8b465ee728b)  -> (artifact id: '00000000000000000000000000000000') in 0.008195 seconds  code(4) message(Build asset version error: assets/prefabs/fire team.prefab in SourceAssetDB has modification time of '2022-10-28T18:24:42Z' while content on disk has modification time of '2022-10-29T14:00:26Z')
  ERROR: Build asset version error: assets/prefabs/fire team.prefab in SourceAssetDB has modification time of '2022-10-28T18:24:42Z' while content on disk has modification time of '2022-10-29T14:00:26Z'
========================================================================
Received Prepare
Registering precompiled user dll's ...
Registered in 0.001121 seconds.
Begin MonoManager ReloadAssembly
Thread 0x287d87000 may have been prematurely finalized
Symbol file LoadedFromMemory doesn't match image /Users/jorgenthelin/Unity 3D/Alien Battlefield/Library/PackageCache/com.unity.visualscripting@1.7.8/Editor/VisualScripting.Core/Dependencies/YamlDotNet/Unity.VisualScripting.YamlDotNet.dll
Symbol file LoadedFromMemory doesn't match image /Users/jorgenthelin/Unity 3D/Alien Battlefield/Library/PackageCache/com.unity.visualscripting@1.7.8/Editor/VisualScripting.Core/Dependencies/DotNetZip/Unity.VisualScripting.IonicZip.dll
Native extension for OSXStandalone target not found
Native extension for WebGL target not found
Refreshing native plugins compatible for Editor in 0.42 ms, found 2 plugins.
Preloading 0 native plugins for Editor in 0.00 ms.
Mono: successfully reloaded assembly
- Completed reload, in  0.594 seconds
Domain Reload Profiling:
	ReloadAssembly (594ms)
		BeginReloadAssembly (68ms)
			ExecutionOrderSort (0ms)
			DisableScriptedObjects (3ms)
			BackupInstance (0ms)
			ReleaseScriptingObjects (0ms)
			CreateAndSetChildDomain (23ms)
		EndReloadAssembly (474ms)
			LoadAssemblies (29ms)
			RebuildTransferFunctionScriptingTraits (0ms)
			SetupTypeCache (165ms)
			ReleaseScriptCaches (1ms)
			RebuildScriptCaches (26ms)
			SetupLoadedEditorAssemblies (221ms)
				LogAssemblyErrors (0ms)
				InitializePlatformSupportModulesInManaged (5ms)
				SetLoadedEditorAssemblies (0ms)
				RefreshPlugins (0ms)
				BeforeProcessingInitializeOnLoad (38ms)
				ProcessInitializeOnLoadAttributes (159ms)
				ProcessInitializeOnLoadMethodAttributes (18ms)
				AfterProcessingInitializeOnLoad (1ms)
				EditorAssembliesLoaded (0ms)
			ExecutionOrderSort2 (0ms)
			AwakeInstancesAfterBackupRestoration (2ms)
Platform modules already initialized, skipping
Refreshing native plugins compatible for Editor in 0.87 ms, found 2 plugins.
Preloading 0 native plugins for Editor in 0.00 ms.
Unloading 3782 Unused Serialized files (Serialized files now loaded: 0)
Unloading 24 unused Assets / (0.6 MB). Loaded Objects now: 4311.
Memory consumption went from 286.7 MB to 286.1 MB.
Total: 2.522334 ms (FindLiveObjects: 0.129833 ms CreateObjectMapping: 0.047292 ms MarkObjects: 2.126334 ms  DeleteObjects: 0.218459 ms)

AssetImportParameters requested are different than current active one (requested -> active):
  custom:video-decoder-ogg-theora: a1e56fd34408186e4bbccfd4996cb3dc -> 
  custom:container-muxer-webm: aa71ff27fc2769a1b78a27578f13a17b -> 
  custom:container-demuxer-webm: 4f35f7cbe854078d1ac9338744f61a02 -> 
  custom:video-encoder-webm-vp8: eb34c28f22e8b96e1ab97ce403110664 -> 
  custom:framework-osx-AVFoundation: e770b220cccbd017edd2c1fefb359320 -> 
  custom:audio-encoder-webm-vorbis: bf7c407c2cedff20999df2af8eb42d56 -> 
  custom:container-demuxer-ogg: 62fdf1f143b41e24485cea50d1cbac27 -> 
  custom:video-decoder-webm-vp8: 9c59270c3fd7afecdb556c50c9e8de78 -> 
  custom:audio-decoder-ogg-vorbis: bf7c407c2cedff20999df2af8eb42d56 -> 
========================================================================
Received Import Request.
  Time since last request: 11.362502 seconds.
  path: 
  artifactKey: Guid(e845ed2007dab43fc946d33ff0e8eef3) Importer(815301076,1909f56bfc062723c751e8b465ee728b)
Start importing  using Guid(e845ed2007dab43fc946d33ff0e8eef3) Importer(815301076,1909f56bfc062723c751e8b465ee728b)  -> (artifact id: '00000000000000000000000000000000') in 0.000027 seconds  code(3) message(Unknown asset with GUID 'e845ed2007dab43fc946d33ff0e8eef3')
  ERROR: Unknown asset with GUID 'e845ed2007dab43fc946d33ff0e8eef3'
========================================================================
Received Import Request.
  Time since last request: 0.000038 seconds.
  path: Assets/Prefabs/Fire Team.prefab
  artifactKey: Guid(cef22bc574a074675b33f4ceb1831904) Importer(815301076,1909f56bfc062723c751e8b465ee728b)
Start importing Assets/Prefabs/Fire Team.prefab using Guid(cef22bc574a074675b33f4ceb1831904) Importer(815301076,1909f56bfc062723c751e8b465ee728b)  -> (artifact id: '00000000000000000000000000000000') in 0.043072 seconds  code(4) message(Build asset version error: assets/prefabs/fire team.prefab in SourceAssetDB has modification time of '2022-10-28T18:24:42Z' while content on disk has modification time of '2022-10-29T14:00:26Z')
  ERROR: Build asset version error: assets/prefabs/fire team.prefab in SourceAssetDB has modification time of '2022-10-28T18:24:42Z' while content on disk has modification time of '2022-10-29T14:00:26Z'
========================================================================
Received Import Request.
  Time since last request: 10.722088 seconds.
  path: Assets/Prefabs/Enemy.prefab
  artifactKey: Guid(cf1889373370a409bb5f6a76cfd6c1ed) Importer(815301076,1909f56bfc062723c751e8b465ee728b)
Start importing Assets/Prefabs/Enemy.prefab using Guid(cf1889373370a409bb5f6a76cfd6c1ed) Importer(815301076,1909f56bfc062723c751e8b465ee728b)  -> (artifact id: '00000000000000000000000000000000') in 0.006884 seconds  code(4) message(Build asset version error: assets/prefabs/enemy.prefab in SourceAssetDB has modification time of '2022-10-28T19:47:58Z' while content on disk has modification time of '2022-10-29T14:00:26Z')
  ERROR: Build asset version error: assets/prefabs/enemy.prefab in SourceAssetDB has modification time of '2022-10-28T19:47:58Z' while content on disk has modification time of '2022-10-29T14:00:26Z'
========================================================================
Received Import Request.
  Time since last request: 0.000060 seconds.
  path: 
  artifactKey: Guid(e845ed2007dab43fc946d33ff0e8eef3) Importer(815301076,1909f56bfc062723c751e8b465ee728b)
Start importing  using Guid(e845ed2007dab43fc946d33ff0e8eef3) Importer(815301076,1909f56bfc062723c751e8b465ee728b)  -> (artifact id: '00000000000000000000000000000000') in 0.000021 seconds  code(3) message(Unknown asset with GUID 'e845ed2007dab43fc946d33ff0e8eef3')
  ERROR: Unknown asset with GUID 'e845ed2007dab43fc946d33ff0e8eef3'
========================================================================
Received Import Request.
  Time since last request: 1.537348 seconds.
  path: Assets/Prefabs/Enemy.prefab
  artifactKey: Guid(cf1889373370a409bb5f6a76cfd6c1ed) Importer(815301076,1909f56bfc062723c751e8b465ee728b)
Start importing Assets/Prefabs/Enemy.prefab using Guid(cf1889373370a409bb5f6a76cfd6c1ed) Importer(815301076,1909f56bfc062723c751e8b465ee728b)  -> (artifact id: '00000000000000000000000000000000') in 0.006007 seconds  code(4) message(Build asset version error: assets/prefabs/enemy.prefab in SourceAssetDB has modification time of '2022-10-28T19:47:58Z' while content on disk has modification time of '2022-10-29T14:00:26Z')
  ERROR: Build asset version error: assets/prefabs/enemy.prefab in SourceAssetDB has modification time of '2022-10-28T19:47:58Z' while content on disk has modification time of '2022-10-29T14:00:26Z'
========================================================================
Received Import Request.
  Time since last request: 0.000037 seconds.
  path: 
  artifactKey: Guid(e845ed2007dab43fc946d33ff0e8eef3) Importer(815301076,1909f56bfc062723c751e8b465ee728b)
Start importing  using Guid(e845ed2007dab43fc946d33ff0e8eef3) Importer(815301076,1909f56bfc062723c751e8b465ee728b)  -> (artifact id: '00000000000000000000000000000000') in 0.000019 seconds  code(3) message(Unknown asset with GUID 'e845ed2007dab43fc946d33ff0e8eef3')
  ERROR: Unknown asset with GUID 'e845ed2007dab43fc946d33ff0e8eef3'
========================================================================
Received Import Request.
  Time since last request: 4.855091 seconds.
  path: Assets/Prefabs/Enemy.prefab
  artifactKey: Guid(cf1889373370a409bb5f6a76cfd6c1ed) Importer(815301076,1909f56bfc062723c751e8b465ee728b)
Start importing Assets/Prefabs/Enemy.prefab using Guid(cf1889373370a409bb5f6a76cfd6c1ed) Importer(815301076,1909f56bfc062723c751e8b465ee728b)  -> (artifact id: '00000000000000000000000000000000') in 0.006194 seconds  code(4) message(Build asset version error: assets/prefabs/enemy.prefab in SourceAssetDB has modification time of '2022-10-28T19:47:58Z' while content on disk has modification time of '2022-10-29T14:00:26Z')
  ERROR: Build asset version error: assets/prefabs/enemy.prefab in SourceAssetDB has modification time of '2022-10-28T19:47:58Z' while content on disk has modification time of '2022-10-29T14:00:26Z'
========================================================================
Received Import Request.
  Time since last request: 0.000043 seconds.
  path: 
  artifactKey: Guid(e845ed2007dab43fc946d33ff0e8eef3) Importer(815301076,1909f56bfc062723c751e8b465ee728b)
Start importing  using Guid(e845ed2007dab43fc946d33ff0e8eef3) Importer(815301076,1909f56bfc062723c751e8b465ee728b)  -> (artifact id: '00000000000000000000000000000000') in 0.000020 seconds  code(3) message(Unknown asset with GUID 'e845ed2007dab43fc946d33ff0e8eef3')
  ERROR: Unknown asset with GUID 'e845ed2007dab43fc946d33ff0e8eef3'
========================================================================
Received Prepare
Registering precompiled user dll's ...
Registered in 0.001187 seconds.
Begin MonoManager ReloadAssembly
Thread 0x16dcbf000 may have been prematurely finalized
Symbol file LoadedFromMemory doesn't match image /Users/jorgenthelin/Unity 3D/Alien Battlefield/Library/PackageCache/com.unity.visualscripting@1.7.8/Editor/VisualScripting.Core/Dependencies/YamlDotNet/Unity.VisualScripting.YamlDotNet.dll
Symbol file LoadedFromMemory doesn't match image /Users/jorgenthelin/Unity 3D/Alien Battlefield/Library/PackageCache/com.unity.visualscripting@1.7.8/Editor/VisualScripting.Core/Dependencies/DotNetZip/Unity.VisualScripting.IonicZip.dll
Native extension for OSXStandalone target not found
Native extension for WebGL target not found
Refreshing native plugins compatible for Editor in 0.49 ms, found 2 plugins.
Preloading 0 native plugins for Editor in 0.00 ms.
Mono: successfully reloaded assembly
- Completed reload, in  0.605 seconds
Domain Reload Profiling:
	ReloadAssembly (606ms)
		BeginReloadAssembly (69ms)
			ExecutionOrderSort (0ms)
			DisableScriptedObjects (3ms)
			BackupInstance (0ms)
			ReleaseScriptingObjects (0ms)
			CreateAndSetChildDomain (23ms)
		EndReloadAssembly (485ms)
			LoadAssemblies (29ms)
			RebuildTransferFunctionScriptingTraits (0ms)
			SetupTypeCache (163ms)
			ReleaseScriptCaches (1ms)
			RebuildScriptCaches (28ms)
			SetupLoadedEditorAssemblies (226ms)
				LogAssemblyErrors (0ms)
				InitializePlatformSupportModulesInManaged (5ms)
				SetLoadedEditorAssemblies (0ms)
				RefreshPlugins (1ms)
				BeforeProcessingInitializeOnLoad (40ms)
				ProcessInitializeOnLoadAttributes (162ms)
				ProcessInitializeOnLoadMethodAttributes (18ms)
				AfterProcessingInitializeOnLoad (1ms)
				EditorAssembliesLoaded (0ms)
			ExecutionOrderSort2 (0ms)
			AwakeInstancesAfterBackupRestoration (2ms)
Platform modules already initialized, skipping
Refreshing native plugins compatible for Editor in 0.95 ms, found 2 plugins.
Preloading 0 native plugins for Editor in 0.00 ms.
Unloading 3782 Unused Serialized files (Serialized files now loaded: 0)
Unloading 24 unused Assets / (0.6 MB). Loaded Objects now: 4314.
Memory consumption went from 286.9 MB to 286.4 MB.
Total: 2.463292 ms (FindLiveObjects: 0.127833 ms CreateObjectMapping: 0.043708 ms MarkObjects: 2.044000 ms  DeleteObjects: 0.247292 ms)

AssetImportParameters requested are different than current active one (requested -> active):
  custom:video-decoder-ogg-theora: a1e56fd34408186e4bbccfd4996cb3dc -> 
  custom:container-muxer-webm: aa71ff27fc2769a1b78a27578f13a17b -> 
  custom:container-demuxer-webm: 4f35f7cbe854078d1ac9338744f61a02 -> 
  custom:video-encoder-webm-vp8: eb34c28f22e8b96e1ab97ce403110664 -> 
  custom:framework-osx-AVFoundation: e770b220cccbd017edd2c1fefb359320 -> 
  custom:audio-encoder-webm-vorbis: bf7c407c2cedff20999df2af8eb42d56 -> 
  custom:container-demuxer-ogg: 62fdf1f143b41e24485cea50d1cbac27 -> 
  custom:video-decoder-webm-vp8: 9c59270c3fd7afecdb556c50c9e8de78 -> 
  custom:audio-decoder-ogg-vorbis: bf7c407c2cedff20999df2af8eb42d56 -> 
========================================================================
Received Import Request.
  Time since last request: 20.209279 seconds.
  path: Assets/Prefabs/Enemy.prefab
  artifactKey: Guid(cf1889373370a409bb5f6a76cfd6c1ed) Importer(815301076,1909f56bfc062723c751e8b465ee728b)
Start importing Assets/Prefabs/Enemy.prefab using Guid(cf1889373370a409bb5f6a76cfd6c1ed) Importer(815301076,1909f56bfc062723c751e8b465ee728b)  -> (artifact id: '00000000000000000000000000000000') in 0.041753 seconds  code(4) message(Build asset version error: assets/prefabs/enemy.prefab in SourceAssetDB has modification time of '2022-10-28T19:47:58Z' while content on disk has modification time of '2022-10-29T14:00:26Z')
  ERROR: Build asset version error: assets/prefabs/enemy.prefab in SourceAssetDB has modification time of '2022-10-28T19:47:58Z' while content on disk has modification time of '2022-10-29T14:00:26Z'
========================================================================
Received Import Request.
  Time since last request: 0.000048 seconds.
  path: 
  artifactKey: Guid(e845ed2007dab43fc946d33ff0e8eef3) Importer(815301076,1909f56bfc062723c751e8b465ee728b)
Start importing  using Guid(e845ed2007dab43fc946d33ff0e8eef3) Importer(815301076,1909f56bfc062723c751e8b465ee728b)  -> (artifact id: '00000000000000000000000000000000') in 0.000020 seconds  code(3) message(Unknown asset with GUID 'e845ed2007dab43fc946d33ff0e8eef3')
  ERROR: Unknown asset with GUID 'e845ed2007dab43fc946d33ff0e8eef3'
